[35m[Appium][39m Welcome to Appium v1.22.3
[35m[Appium][39m Non-default server args:
[35m[Appium][39m   port: 50461
[35m[Appium][39m   loglevel: info
[35m[Appium][39m   tmpDir: C:\Users\user\AppData\Local\Temp\\Katalon\Appium\Temp1680169915412
[35m[Appium][39m   chromedriverPort: 50463
[35m[Appium][39m Deprecated server args:
[35m[Appium][39m   [31m--chromedriver-port[39m => --default-capabilities
[35m[Appium][39m Default capabilities, which will be added to each request unless overridden by desired capabilities:
[35m[Appium][39m   chromedriverPort: 50463
[35m[Appium][39m Appium REST http interface listener started on 0.0.0.0:50461
[35m[HTTP][39m [37m-->[39m [37mGET[39m [37m/wd/hub/status[39m
[35m[HTTP][39m [90m{}[39m
[35m[HTTP][39m [37m<-- GET /wd/hub/status [39m[32m200[39m [90m7 ms - 68[39m
[35m[HTTP][39m [90m[39m
[35m[HTTP][39m [37m-->[39m [37mGET[39m [37m/wd/hub/status[39m
[35m[HTTP][39m [90m{}[39m
[35m[HTTP][39m [37m<-- GET /wd/hub/status [39m[32m200[39m [90m1 ms - 68[39m
[35m[HTTP][39m [90m[39m
[35m[HTTP][39m [37m-->[39m [37mPOST[39m [37m/wd/hub/session[39m
[35m[HTTP][39m [90m{"desiredCapabilities":{"appActivity":".Settings","appPackage":"com.android.settings","newCommandTimeout":1800,"platformVersion":"12","automationName":"uiautomator2","autoGrantPermissions":true,"platformName":"Android","udid":"IZK7TCT8EQT87PIZ","deviceName":"Xiaomi M2101K7BNY (Android 12)","platform":"ANDROID","systemPort":8223},"capabilities":{"firstMatch":[{"appium:appActivity":".Settings","appium:appPackage":"com.android.settings","appium:autoGrantPermissions":true,"appium:automationName":"uiautomator2","appium:deviceName":"Xiaomi M2101K7BNY (Android 12)","appium:newCommandTimeout":1800,"platform":"ANDROID","platformName":"android","appium:platformVersion":"12","appium:systemPort":8223,"appium:udid":"IZK7TCT8EQT87PIZ"}]}}[39m
[35m[BaseDriver][39m The following capabilities are not standard capabilities and should have an extension prefix:
[35m[BaseDriver][39m   platform
[35m[BaseDriver][39m   chromedriverPort
[35m[Appium][39m Appium v1.22.3 creating new AndroidUiautomator2Driver (v1.70.1) session
[35m[BaseDriver][39m The following capabilities were provided, but are not recognized by Appium:
[35m[BaseDriver][39m   platform
[35m[BaseDriver][39m Session created with session id: 70e6dd2b-d14b-4b81-bdb8-a1f9058ff5f1
[35m[UiAutomator2][39m Starting 'com.android.settings' directly on the device
[35m[ADB][39m Found 2 'build-tools' folders under 'C:\Users\user\AppData\Local\Android\Sdk' (newest first):
[35m[ADB][39m     C:/Users/user/AppData/Local/Android/Sdk/build-tools/33.0.2
[35m[ADB][39m     C:/Users/user/AppData/Local/Android/Sdk/build-tools/30.0.3
[35m[ADB][39m Using 'adb.exe' from 'C:\Users\user\AppData\Local\Android\Sdk\platform-tools\adb.exe'
[35m[AndroidDriver][39m Retrieving device list
[35m[AndroidDriver][39m Using device: IZK7TCT8EQT87PIZ
[35m[ADB][39m Using 'adb.exe' from 'C:\Users\user\AppData\Local\Android\Sdk\platform-tools\adb.exe'
[35m[ADB][39m Getting device platform version
[35m[UiAutomator2][39m Relaxing hidden api policy
[35m[AndroidDriver][39m No app sent in, not parsing package/activity
[35m[ADB][39m Using 'apksigner.jar' from 'C:\Users\user\AppData\Local\Android\Sdk\build-tools\33.0.2\lib\apksigner.jar'
[35m[ADB][39m 'C:\Users\user\AppData\Roaming\npm\node_modules\appium\node_modules\appium-uiautomator2-server\apks\appium-uiautomator2-server-v4.27.0.apk' is signed with the default certificate
[35m[ADB][39m 'C:\Users\user\AppData\Roaming\npm\node_modules\appium\node_modules\appium-uiautomator2-server\apks\appium-uiautomator2-server-debug-androidTest.apk' is signed with the default certificate
[35m[UiAutomator2][39m Server packages are not going to be (re)installed
[35m[ADB][39m Adding packages ["io.appium.settings","io.appium.uiautomator2.server","io.appium.uiautomator2.server.test"] to Doze whitelist
[35m[UiAutomator2][39m Starting UIAutomator2 server 4.27.0
[35m[UiAutomator2][39m Using UIAutomator2 server from 'C:\Users\user\AppData\Roaming\npm\node_modules\appium\node_modules\appium-uiautomator2-server\apks\appium-uiautomator2-server-v4.27.0.apk' and test from 'C:\Users\user\AppData\Roaming\npm\node_modules\appium\node_modules\appium-uiautomator2-server\apks\appium-uiautomator2-server-debug-androidTest.apk'
[35m[UiAutomator2][39m Waiting up to 30000ms for UiAutomator2 to be online...
[35m[WD Proxy][39m socket hang up
[35m[WD Proxy][39m socket hang up
[35m[WD Proxy][39m socket hang up
[35m[WD Proxy][39m socket hang up
[35m[WD Proxy][39m socket hang up
[35m[WD Proxy][39m socket hang up
[35m[WD Proxy][39m socket hang up
[35m[WD Proxy][39m socket hang up
[35m[WD Proxy][39m socket hang up
[35m[WD Proxy][39m socket hang up
[35m[WD Proxy][39m Determined the downstream protocol as 'W3C'
[35m[AndroidDriver][39m Screen already unlocked, doing nothing
[35m[UiAutomator2][39m Starting 'com.android.settings/.Settings and waiting for 'com.android.settings/.Settings'
[35m[Appium][39m New AndroidUiautomator2Driver session created successfully, session 70e6dd2b-d14b-4b81-bdb8-a1f9058ff5f1 added to master session list
[35m[HTTP][39m [37m<-- POST /wd/hub/session [39m[32m200[39m [90m23063 ms - 1179[39m
[35m[HTTP][39m [90m[39m
[35m[HTTP][39m [37m-->[39m [37mGET[39m [37m/wd/hub/session/70e6dd2b-d14b-4b81-bdb8-a1f9058ff5f1[39m
[35m[HTTP][39m [90m{}[39m
[35m[HTTP][39m [37m<-- GET /wd/hub/session/70e6dd2b-d14b-4b81-bdb8-a1f9058ff5f1 [39m[32m200[39m [90m20 ms - 1133[39m
[35m[HTTP][39m [90m[39m
[35m[HTTP][39m [37m-->[39m [37mGET[39m [37m/wd/hub/session/70e6dd2b-d14b-4b81-bdb8-a1f9058ff5f1[39m
[35m[HTTP][39m [90m{}[39m
[35m[HTTP][39m [37m<-- GET /wd/hub/session/70e6dd2b-d14b-4b81-bdb8-a1f9058ff5f1 [39m[32m200[39m [90m126 ms - 1133[39m
[35m[HTTP][39m [90m[39m
[35m[HTTP][39m [37m-->[39m [37mGET[39m [37m/wd/hub/status[39m
[35m[HTTP][39m [90m{}[39m
[35m[HTTP][39m [37m<-- GET /wd/hub/status [39m[32m200[39m [90m2 ms - 68[39m
[35m[HTTP][39m [90m[39m
[35m[HTTP][39m [37m-->[39m [37mPOST[39m [37m/wd/hub/session/70e6dd2b-d14b-4b81-bdb8-a1f9058ff5f1/timeouts[39m
[35m[HTTP][39m [90m{"implicit":60000}[39m
[35m[HTTP][39m [37m<-- POST /wd/hub/session/70e6dd2b-d14b-4b81-bdb8-a1f9058ff5f1/timeouts [39m[32m200[39m [90m6 ms - 14[39m
[35m[HTTP][39m [90m[39m
[35m[HTTP][39m [37m-->[39m [37mGET[39m [37m/wd/hub/session/70e6dd2b-d14b-4b81-bdb8-a1f9058ff5f1/screenshot[39m
[35m[HTTP][39m [90m{}[39m
[35m[HTTP][39m [37m<-- GET /wd/hub/session/70e6dd2b-d14b-4b81-bdb8-a1f9058ff5f1/screenshot [39m[32m200[39m [90m441 ms - 186212[39m
[35m[HTTP][39m [90m[39m
[35m[HTTP][39m [37m-->[39m [37mGET[39m [37m/wd/hub/session/70e6dd2b-d14b-4b81-bdb8-a1f9058ff5f1/window/rect[39m
[35m[HTTP][39m [90m{}[39m
[35m[HTTP][39m [37m<-- GET /wd/hub/session/70e6dd2b-d14b-4b81-bdb8-a1f9058ff5f1/window/rect [39m[32m200[39m [90m67 ms - 50[39m
[35m[HTTP][39m [90m[39m
[35m[HTTP][39m [37m-->[39m [37mGET[39m [37m/wd/hub/session/70e6dd2b-d14b-4b81-bdb8-a1f9058ff5f1/appium/device/system_bars[39m
[35m[HTTP][39m [90m{}[39m
[35m[HTTP][39m [37m<-- GET /wd/hub/session/70e6dd2b-d14b-4b81-bdb8-a1f9058ff5f1/appium/device/system_bars [39m[32m200[39m [90m493 ms - 145[39m
[35m[HTTP][39m [90m[39m
[35m[HTTP][39m [37m-->[39m [37mPOST[39m [37m/wd/hub/session/70e6dd2b-d14b-4b81-bdb8-a1f9058ff5f1/appium/device/activate_app[39m
[35m[HTTP][39m [90m{"bundleId":"com.ecwid.ShopAt.HappyDayShopping"}[39m
[35m[HTTP][39m [37m<-- POST /wd/hub/session/70e6dd2b-d14b-4b81-bdb8-a1f9058ff5f1/appium/device/activate_app [39m[32m200[39m [90m7838 ms - 14[39m
[35m[HTTP][39m [90m[39m
[35m[HTTP][39m [37m-->[39m [37mGET[39m [37m/wd/hub/session/70e6dd2b-d14b-4b81-bdb8-a1f9058ff5f1/source[39m
[35m[HTTP][39m [90m{}[39m
[35m[W3C (70e6dd2b)][39m Driver proxy active, passing request on via HTTP proxy
[35m[WD Proxy][39m Replacing sessionId 33cc4097-9900-4312-900b-af4d152a107a with 70e6dd2b-d14b-4b81-bdb8-a1f9058ff5f1
[35m[HTTP][39m [37m<-- GET /wd/hub/session/70e6dd2b-d14b-4b81-bdb8-a1f9058ff5f1/source [39m[32m200[39m [90m453 ms - 16301[39m
[35m[HTTP][39m [90m[39m
[35m[HTTP][39m [37m-->[39m [37mGET[39m [37m/wd/hub/session/70e6dd2b-d14b-4b81-bdb8-a1f9058ff5f1/screenshot[39m
[35m[HTTP][39m [90m{}[39m
[35m[HTTP][39m [37m<-- GET /wd/hub/session/70e6dd2b-d14b-4b81-bdb8-a1f9058ff5f1/screenshot [39m[32m200[39m [90m509 ms - 117990[39m
[35m[HTTP][39m [90m[39m
[35m[HTTP][39m [37m-->[39m [37mGET[39m [37m/wd/hub/session/70e6dd2b-d14b-4b81-bdb8-a1f9058ff5f1/source[39m
[35m[HTTP][39m [90m{}[39m
[35m[W3C (70e6dd2b)][39m Driver proxy active, passing request on via HTTP proxy
[35m[WD Proxy][39m Replacing sessionId 33cc4097-9900-4312-900b-af4d152a107a with 70e6dd2b-d14b-4b81-bdb8-a1f9058ff5f1
[35m[HTTP][39m [37m<-- GET /wd/hub/session/70e6dd2b-d14b-4b81-bdb8-a1f9058ff5f1/source [39m[32m200[39m [90m370 ms - 24873[39m
[35m[HTTP][39m [90m[39m
[35m[HTTP][39m [37m-->[39m [37mGET[39m [37m/wd/hub/session/70e6dd2b-d14b-4b81-bdb8-a1f9058ff5f1/screenshot[39m
[35m[HTTP][39m [90m{}[39m
[35m[HTTP][39m [37m<-- GET /wd/hub/session/70e6dd2b-d14b-4b81-bdb8-a1f9058ff5f1/screenshot [39m[32m200[39m [90m818 ms - 502576[39m
[35m[HTTP][39m [90m[39m
[35m[HTTP][39m [37m-->[39m [37mPOST[39m [37m/wd/hub/session/70e6dd2b-d14b-4b81-bdb8-a1f9058ff5f1/elements[39m
[35m[HTTP][39m [90m{"using":"xpath","value":"//*[@class = 'android.view.ViewGroup' and (@text = '' or . = '')]"}[39m
[35m[HTTP][39m [37m<-- POST /wd/hub/session/70e6dd2b-d14b-4b81-bdb8-a1f9058ff5f1/elements [39m[32m200[39m [90m850 ms - 3339[39m
[35m[HTTP][39m [90m[39m
[35m[HTTP][39m [37m-->[39m [37mPOST[39m [37m/wd/hub/session/70e6dd2b-d14b-4b81-bdb8-a1f9058ff5f1/elements[39m
[35m[HTTP][39m [90m{"using":"-android uiautomator","value":"new UiSelector().className(\"android.view.ViewGroup\")"}[39m
[35m[HTTP][39m [37m<-- POST /wd/hub/session/70e6dd2b-d14b-4b81-bdb8-a1f9058ff5f1/elements [39m[32m200[39m [90m874 ms - 3339[39m
[35m[HTTP][39m [90m[39m
[35m[HTTP][39m [37m-->[39m [37mDELETE[39m [37m/wd/hub/session/70e6dd2b-d14b-4b81-bdb8-a1f9058ff5f1[39m
[35m[HTTP][39m [90m{}[39m
[35m[Appium][39m Removing session 70e6dd2b-d14b-4b81-bdb8-a1f9058ff5f1 from our master session list
[35m[UiAutomator2][39m Restoring hidden api policy to the device default configuration
[35m[HTTP][39m [37m<-- DELETE /wd/hub/session/70e6dd2b-d14b-4b81-bdb8-a1f9058ff5f1 [39m[32m200[39m [90m534 ms - 14[39m
[35m[HTTP][39m [90m[39m
